<?xml version="1.0" encoding="UTF-8"?>
<testsuite name="com.campssg.demo.DemoApplicationTests" tests="1" skipped="0" failures="0" errors="0" timestamp="2022-02-13T11:04:12" hostname="LAPTOP-KE547K5H" time="0.431">
  <properties/>
  <testcase name="contextLoads()" classname="com.campssg.demo.DemoApplicationTests" time="0.431"/>
  <system-out><![CDATA[20:04:10.793 [Test worker] DEBUG org.springframework.test.context.BootstrapUtils - Instantiating CacheAwareContextLoaderDelegate from class [org.springframework.test.context.cache.DefaultCacheAwareContextLoaderDelegate]
20:04:10.808 [Test worker] DEBUG org.springframework.test.context.BootstrapUtils - Instantiating BootstrapContext using constructor [public org.springframework.test.context.support.DefaultBootstrapContext(java.lang.Class,org.springframework.test.context.CacheAwareContextLoaderDelegate)]
20:04:10.851 [Test worker] DEBUG org.springframework.test.context.BootstrapUtils - Instantiating TestContextBootstrapper for test class [com.campssg.demo.DemoApplicationTests] from class [org.springframework.boot.test.context.SpringBootTestContextBootstrapper]
20:04:10.864 [Test worker] INFO org.springframework.boot.test.context.SpringBootTestContextBootstrapper - Neither @ContextConfiguration nor @ContextHierarchy found for test class [com.campssg.demo.DemoApplicationTests], using SpringBootContextLoader
20:04:10.868 [Test worker] DEBUG org.springframework.test.context.support.AbstractContextLoader - Did not detect default resource location for test class [com.campssg.demo.DemoApplicationTests]: class path resource [com/campssg/demo/DemoApplicationTests-context.xml] does not exist
20:04:10.868 [Test worker] DEBUG org.springframework.test.context.support.AbstractContextLoader - Did not detect default resource location for test class [com.campssg.demo.DemoApplicationTests]: class path resource [com/campssg/demo/DemoApplicationTestsContext.groovy] does not exist
20:04:10.869 [Test worker] INFO org.springframework.test.context.support.AbstractContextLoader - Could not detect default resource locations for test class [com.campssg.demo.DemoApplicationTests]: no resource found for suffixes {-context.xml, Context.groovy}.
20:04:10.869 [Test worker] INFO org.springframework.test.context.support.AnnotationConfigContextLoaderUtils - Could not detect default configuration classes for test class [com.campssg.demo.DemoApplicationTests]: DemoApplicationTests does not declare any static, non-private, non-final, nested classes annotated with @Configuration.
20:04:10.919 [Test worker] DEBUG org.springframework.test.context.support.ActiveProfilesUtils - Could not find an 'annotation declaring class' for annotation type [org.springframework.test.context.ActiveProfiles] and class [com.campssg.demo.DemoApplicationTests]
20:04:10.985 [Test worker] DEBUG org.springframework.context.annotation.ClassPathScanningCandidateComponentProvider - Identified candidate component class: file [C:\Users\jin80\IntelliJ workspace\Campssg-Server\build\classes\java\main\com\campssg\demo\DemoApplication.class]
20:04:10.986 [Test worker] INFO org.springframework.boot.test.context.SpringBootTestContextBootstrapper - Found @SpringBootConfiguration com.campssg.demo.DemoApplication for test class com.campssg.demo.DemoApplicationTests
20:04:11.106 [Test worker] DEBUG org.springframework.boot.test.context.SpringBootTestContextBootstrapper - @TestExecutionListeners is not present for class [com.campssg.demo.DemoApplicationTests]: using defaults.
20:04:11.106 [Test worker] INFO org.springframework.boot.test.context.SpringBootTestContextBootstrapper - Loaded default TestExecutionListener class names from location [META-INF/spring.factories]: [org.springframework.boot.test.autoconfigure.restdocs.RestDocsTestExecutionListener, org.springframework.boot.test.autoconfigure.web.client.MockRestServiceServerResetTestExecutionListener, org.springframework.boot.test.autoconfigure.web.servlet.MockMvcPrintOnlyOnFailureTestExecutionListener, org.springframework.boot.test.autoconfigure.web.servlet.WebDriverTestExecutionListener, org.springframework.boot.test.autoconfigure.webservices.client.MockWebServiceServerTestExecutionListener, org.springframework.boot.test.mock.mockito.MockitoTestExecutionListener, org.springframework.boot.test.mock.mockito.ResetMocksTestExecutionListener, org.springframework.test.context.web.ServletTestExecutionListener, org.springframework.test.context.support.DirtiesContextBeforeModesTestExecutionListener, org.springframework.test.context.event.ApplicationEventsTestExecutionListener, org.springframework.test.context.support.DependencyInjectionTestExecutionListener, org.springframework.test.context.support.DirtiesContextTestExecutionListener, org.springframework.test.context.transaction.TransactionalTestExecutionListener, org.springframework.test.context.jdbc.SqlScriptsTestExecutionListener, org.springframework.test.context.event.EventPublishingTestExecutionListener]
20:04:11.117 [Test worker] DEBUG org.springframework.boot.test.context.SpringBootTestContextBootstrapper - Skipping candidate TestExecutionListener [org.springframework.test.context.web.ServletTestExecutionListener] due to a missing dependency. Specify custom listener classes or make the default listener classes and their required dependencies available. Offending class: [javax/servlet/ServletContext]
20:04:11.120 [Test worker] DEBUG org.springframework.boot.test.context.SpringBootTestContextBootstrapper - Skipping candidate TestExecutionListener [org.springframework.test.context.transaction.TransactionalTestExecutionListener] due to a missing dependency. Specify custom listener classes or make the default listener classes and their required dependencies available. Offending class: [org/springframework/transaction/interceptor/TransactionAttributeSource]
20:04:11.122 [Test worker] DEBUG org.springframework.boot.test.context.SpringBootTestContextBootstrapper - Skipping candidate TestExecutionListener [org.springframework.test.context.jdbc.SqlScriptsTestExecutionListener] due to a missing dependency. Specify custom listener classes or make the default listener classes and their required dependencies available. Offending class: [org/springframework/transaction/interceptor/TransactionAttribute]
20:04:11.123 [Test worker] INFO org.springframework.boot.test.context.SpringBootTestContextBootstrapper - Using TestExecutionListeners: [org.springframework.test.context.support.DirtiesContextBeforeModesTestExecutionListener@46bb6b97, org.springframework.test.context.event.ApplicationEventsTestExecutionListener@77055c2, org.springframework.boot.test.mock.mockito.MockitoTestExecutionListener@38916b92, org.springframework.boot.test.autoconfigure.SpringBootDependencyInjectionTestExecutionListener@41819835, org.springframework.test.context.support.DirtiesContextTestExecutionListener@5cfba441, org.springframework.test.context.event.EventPublishingTestExecutionListener@59202459, org.springframework.boot.test.autoconfigure.restdocs.RestDocsTestExecutionListener@6ade0914, org.springframework.boot.test.autoconfigure.web.client.MockRestServiceServerResetTestExecutionListener@27d3644a, org.springframework.boot.test.autoconfigure.web.servlet.MockMvcPrintOnlyOnFailureTestExecutionListener@260b055d, org.springframework.boot.test.autoconfigure.web.servlet.WebDriverTestExecutionListener@7ed1ff29, org.springframework.boot.test.autoconfigure.webservices.client.MockWebServiceServerTestExecutionListener@645dcf4e, org.springframework.boot.test.mock.mockito.ResetMocksTestExecutionListener@589006bb]
20:04:11.131 [Test worker] DEBUG org.springframework.test.context.support.AbstractDirtiesContextTestExecutionListener - Before test class: context [DefaultTestContext@4872b3f4 testClass = DemoApplicationTests, testInstance = [null], testMethod = [null], testException = [null], mergedContextConfiguration = [MergedContextConfiguration@3303c1cc testClass = DemoApplicationTests, locations = '{}', classes = '{class com.campssg.demo.DemoApplication}', contextInitializerClasses = '[]', activeProfiles = '{}', propertySourceLocations = '{}', propertySourceProperties = '{org.springframework.boot.test.context.SpringBootTestContextBootstrapper=true}', contextCustomizers = set[org.springframework.boot.test.autoconfigure.actuate.metrics.MetricsExportContextCustomizerFactory$DisableMetricExportContextCustomizer@25d9076b, org.springframework.boot.test.autoconfigure.properties.PropertyMappingContextCustomizer@0, org.springframework.boot.test.autoconfigure.web.servlet.WebDriverContextCustomizerFactory$Customizer@2df82889, org.springframework.boot.test.context.filter.ExcludeFilterContextCustomizer@65266edf, org.springframework.boot.test.json.DuplicateJsonObjectContextCustomizerFactory$DuplicateJsonObjectContextCustomizer@7408f40c, org.springframework.boot.test.mock.mockito.MockitoContextCustomizer@0, org.springframework.boot.test.web.client.TestRestTemplateContextCustomizer@44fea5b6, org.springframework.boot.test.context.SpringBootTestArgs@1, org.springframework.boot.test.context.SpringBootTestWebEnvironment@61bff1f3], contextLoader = 'org.springframework.boot.test.context.SpringBootContextLoader', parent = [null]], attributes = map[[empty]]], class annotated with @DirtiesContext [false] with mode [null].
20:04:11.166 [Test worker] DEBUG org.springframework.test.context.support.DependencyInjectionTestExecutionListener - Performing dependency injection for test context [[DefaultTestContext@4872b3f4 testClass = DemoApplicationTests, testInstance = com.campssg.demo.DemoApplicationTests@7d75af1d, testMethod = [null], testException = [null], mergedContextConfiguration = [MergedContextConfiguration@3303c1cc testClass = DemoApplicationTests, locations = '{}', classes = '{class com.campssg.demo.DemoApplication}', contextInitializerClasses = '[]', activeProfiles = '{}', propertySourceLocations = '{}', propertySourceProperties = '{org.springframework.boot.test.context.SpringBootTestContextBootstrapper=true}', contextCustomizers = set[org.springframework.boot.test.autoconfigure.actuate.metrics.MetricsExportContextCustomizerFactory$DisableMetricExportContextCustomizer@25d9076b, org.springframework.boot.test.autoconfigure.properties.PropertyMappingContextCustomizer@0, org.springframework.boot.test.autoconfigure.web.servlet.WebDriverContextCustomizerFactory$Customizer@2df82889, org.springframework.boot.test.context.filter.ExcludeFilterContextCustomizer@65266edf, org.springframework.boot.test.json.DuplicateJsonObjectContextCustomizerFactory$DuplicateJsonObjectContextCustomizer@7408f40c, org.springframework.boot.test.mock.mockito.MockitoContextCustomizer@0, org.springframework.boot.test.web.client.TestRestTemplateContextCustomizer@44fea5b6, org.springframework.boot.test.context.SpringBootTestArgs@1, org.springframework.boot.test.context.SpringBootTestWebEnvironment@61bff1f3], contextLoader = 'org.springframework.boot.test.context.SpringBootContextLoader', parent = [null]], attributes = map['org.springframework.test.context.event.ApplicationEventsTestExecutionListener.recordApplicationEvents' -> false]]].

  .   ____          _            __ _ _
 /\\ / ___'_ __ _ _(_)_ __  __ _ \ \ \ \
( ( )\___ | '_ | '_| | '_ \/ _` | \ \ \ \
 \\/  ___)| |_)| | | | | || (_| |  ) ) ) )
  '  |____| .__|_| |_|_| |_\__, | / / / /
 =========|_|==============|___/=/_/_/_/
 :: Spring Boot ::                (v2.6.3)

2022-02-13 20:04:11.585  INFO 21552 --- [    Test worker] com.campssg.demo.DemoApplicationTests    : Starting DemoApplicationTests using Java 11.0.14.1 on LAPTOP-KE547K5H with PID 21552 (started by jin80 in C:\Users\jin80\IntelliJ workspace\Campssg-Server)
2022-02-13 20:04:11.586  INFO 21552 --- [    Test worker] com.campssg.demo.DemoApplicationTests    : No active profile set, falling back to default profiles: default
2022-02-13 20:04:12.280  INFO 21552 --- [    Test worker] com.campssg.demo.DemoApplicationTests    : Started DemoApplicationTests in 1.076 seconds (JVM running for 3.093)
]]></system-out>
  <system-err><![CDATA[]]></system-err>
</testsuite>
